<?xml version="1.0" encoding="UTF-8"?>
<!-- Generated by org.testng.reporters.JUnitReportReporter -->
<testsuite hostname="DESKTOP-LFQO311" failures="0" tests="1" name="project.tests.ErrorValidation" time="6.913" errors="0" timestamp="2024-12-07T16:11:21 IST" skipped="0">
  <testcase classname="project.tests.ErrorValidation" name="submitOrder" time="6.913"/>
  <system-out/>
</testsuite> <!-- project.tests.ErrorValidation -->
