<?xml version="1.0" encoding="UTF-8"?>
<!-- Generated by org.testng.reporters.JUnitReportReporter -->
<testsuite hostname="DESKTOP-LFQO311" failures="0" tests="1" name="project.tests.StandAloneTest2" time="11.155" errors="0" timestamp="2024-12-07T15:42:27 IST" skipped="0">
  <testcase classname="project.tests.StandAloneTest2" name="submitOrder" time="11.155"/>
  <system-out/>
</testsuite> <!-- project.tests.StandAloneTest2 -->
