<?xml version="1.0" encoding="UTF-8"?>
<!-- Generated by org.testng.reporters.JUnitReportReporter -->
<testsuite hostname="DESKTOP-LFQO311" failures="0" tests="3" name="project.tests.SubmitOrderTest" time="38.700" errors="0" timestamp="2024-12-11T17:22:46 IST" skipped="0">
  <testcase classname="project.tests.SubmitOrderTest" name="submitOrder" time="16.292"/>
  <system-out/>
  <testcase classname="project.tests.SubmitOrderTest" name="submitOrder" time="13.132"/>
  <system-out/>
  <testcase classname="project.tests.SubmitOrderTest" name="orderHistoryTest" time="9.276"/>
  <system-out/>
</testsuite> <!-- project.tests.SubmitOrderTest -->
