<?xml version="1.0" encoding="UTF-8"?>
<!-- Generated by org.testng.reporters.JUnitReportReporter -->
<testsuite hostname="DESKTOP-LFQO311" failures="0" tests="3" name="project.tests.SubmitOrderTest" time="35.906" errors="0" timestamp="2024-12-14T23:15:27 IST" skipped="0">
  <testcase classname="project.tests.SubmitOrderTest" name="orderHistoryTest" time="9.193"/>
  <testcase classname="project.tests.SubmitOrderTest" name="submitOrder" time="13.248"/>
  <testcase classname="project.tests.SubmitOrderTest" name="submitOrder" time="13.465"/>
</testsuite> <!-- project.tests.SubmitOrderTest -->
